INFO 2024-06-03 20:24:10,796 autoreload 15260 2016 Watching for file changes with StatReloader
INFO 2024-06-03 20:26:58,303 autoreload 15260 2016 D:\GB\Django\Djangofirstproject\myfirstproject\myapp\views.py changed, reloading.
INFO 2024-06-03 20:26:58,614 autoreload 18068 17436 Watching for file changes with StatReloader
INFO 2024-06-03 20:27:18,485 basehttp 18068 3944 "GET / HTTP/1.1" 200 13
INFO 2024-06-03 20:27:26,489 basehttp 18068 3944 "GET /random_roll HTTP/1.1" 200 25
INFO 2024-06-03 20:27:41,053 basehttp 18068 3944 "GET /random_number HTTP/1.1" 200 50
WARNING 2024-06-03 20:29:30,716 log 18068 3944 Not Found: /random_
WARNING 2024-06-03 20:29:30,717 basehttp 18068 3944 "GET /random_ HTTP/1.1" 404 2791
INFO 2024-06-06 21:01:31,990 autoreload 22112 6612 Watching for file changes with StatReloader
INFO 2024-06-06 21:01:34,509 basehttp 22112 17848 "GET / HTTP/1.1" 200 13
INFO 2024-06-06 21:03:06,287 autoreload 22112 6612 D:\GB\Django\Djangofirstproject\myfirstproject\myfirstproject\urls.py changed, reloading.
INFO 2024-06-06 21:03:06,776 autoreload 20840 8032 Watching for file changes with StatReloader
INFO 2024-06-06 21:07:00,140 basehttp 20840 8696 "GET / HTTP/1.1" 200 13
INFO 2024-06-06 21:07:21,776 basehttp 20840 8696 "GET /task2 HTTP/1.1" 301 0
ERROR 2024-06-06 21:07:21,838 log 20840 21568 Internal Server Error: /task2/
Traceback (most recent call last):
  File "D:\GB\Django\Djangofirstproject\venv\Lib\site-packages\django\core\handlers\exception.py", line 55, in inner
    response = get_response(request)
               ^^^^^^^^^^^^^^^^^^^^^
  File "D:\GB\Django\Djangofirstproject\venv\Lib\site-packages\django\core\handlers\base.py", line 197, in _get_response
    response = wrapped_callback(request, *callback_args, **callback_kwargs)
               ^^^^^^^^^^^^^^^^^^^^^^^^^^^^^^^^^^^^^^^^^^^^^^^^^^^^^^^^^^^^
  File "D:\GB\Django\Djangofirstproject\myfirstproject\myapp2\views.py", line 9, in coin_flip
    return render(request, 'index.html', {'flip: flip'})
           ^^^^^^^^^^^^^^^^^^^^^^^^^^^^^^^^^^^^^^^^^^^^^
  File "D:\GB\Django\Djangofirstproject\venv\Lib\site-packages\django\shortcuts.py", line 25, in render
    content = loader.render_to_string(template_name, context, request, using=using)
              ^^^^^^^^^^^^^^^^^^^^^^^^^^^^^^^^^^^^^^^^^^^^^^^^^^^^^^^^^^^^^^^^^^^^^
  File "D:\GB\Django\Djangofirstproject\venv\Lib\site-packages\django\template\loader.py", line 62, in render_to_string
    return template.render(context, request)
           ^^^^^^^^^^^^^^^^^^^^^^^^^^^^^^^^^
  File "D:\GB\Django\Djangofirstproject\venv\Lib\site-packages\django\template\backends\django.py", line 57, in render
    context = make_context(
              ^^^^^^^^^^^^^
  File "D:\GB\Django\Djangofirstproject\venv\Lib\site-packages\django\template\context.py", line 286, in make_context
    raise TypeError(
TypeError: context must be a dict rather than set.
ERROR 2024-06-06 21:07:21,840 basehttp 20840 21568 "GET /task2/ HTTP/1.1" 500 82172
INFO 2024-06-06 21:08:17,547 autoreload 20840 8032 D:\GB\Django\Djangofirstproject\myfirstproject\myapp2\views.py changed, reloading.
INFO 2024-06-06 21:08:18,006 autoreload 18608 22748 Watching for file changes with StatReloader
ERROR 2024-06-06 21:08:21,106 log 18608 18604 Internal Server Error: /task2/
Traceback (most recent call last):
  File "D:\GB\Django\Djangofirstproject\venv\Lib\site-packages\django\core\handlers\exception.py", line 55, in inner
    response = get_response(request)
               ^^^^^^^^^^^^^^^^^^^^^
  File "D:\GB\Django\Djangofirstproject\venv\Lib\site-packages\django\core\handlers\base.py", line 197, in _get_response
    response = wrapped_callback(request, *callback_args, **callback_kwargs)
               ^^^^^^^^^^^^^^^^^^^^^^^^^^^^^^^^^^^^^^^^^^^^^^^^^^^^^^^^^^^^
  File "D:\GB\Django\Djangofirstproject\myfirstproject\myapp2\views.py", line 9, in coin_flip
    return render(request, 'templates/index.html', {'flip: flip'})
           ^^^^^^^^^^^^^^^^^^^^^^^^^^^^^^^^^^^^^^^^^^^^^^^^^^^^^^^
  File "D:\GB\Django\Djangofirstproject\venv\Lib\site-packages\django\shortcuts.py", line 25, in render
    content = loader.render_to_string(template_name, context, request, using=using)
              ^^^^^^^^^^^^^^^^^^^^^^^^^^^^^^^^^^^^^^^^^^^^^^^^^^^^^^^^^^^^^^^^^^^^^
  File "D:\GB\Django\Djangofirstproject\venv\Lib\site-packages\django\template\loader.py", line 61, in render_to_string
    template = get_template(template_name, using=using)
               ^^^^^^^^^^^^^^^^^^^^^^^^^^^^^^^^^^^^^^^^
  File "D:\GB\Django\Djangofirstproject\venv\Lib\site-packages\django\template\loader.py", line 19, in get_template
    raise TemplateDoesNotExist(template_name, chain=chain)
django.template.exceptions.TemplateDoesNotExist: templates/index.html
ERROR 2024-06-06 21:08:21,106 basehttp 18608 18604 "GET /task2/ HTTP/1.1" 500 80611
INFO 2024-06-06 21:13:07,699 autoreload 18608 22748 D:\GB\Django\Djangofirstproject\myfirstproject\myapp2\views.py changed, reloading.
INFO 2024-06-06 21:13:08,187 autoreload 10964 3404 Watching for file changes with StatReloader
ERROR 2024-06-06 21:13:12,246 log 10964 23504 Internal Server Error: /task2/
Traceback (most recent call last):
  File "D:\GB\Django\Djangofirstproject\venv\Lib\site-packages\django\core\handlers\exception.py", line 55, in inner
    response = get_response(request)
               ^^^^^^^^^^^^^^^^^^^^^
  File "D:\GB\Django\Djangofirstproject\venv\Lib\site-packages\django\core\handlers\base.py", line 197, in _get_response
    response = wrapped_callback(request, *callback_args, **callback_kwargs)
               ^^^^^^^^^^^^^^^^^^^^^^^^^^^^^^^^^^^^^^^^^^^^^^^^^^^^^^^^^^^^
  File "D:\GB\Django\Djangofirstproject\myfirstproject\myapp2\views.py", line 9, in coin_flip
    return render(request, '.templates/index.html', {'flip: flip'})
           ^^^^^^^^^^^^^^^^^^^^^^^^^^^^^^^^^^^^^^^^^^^^^^^^^^^^^^^^
  File "D:\GB\Django\Djangofirstproject\venv\Lib\site-packages\django\shortcuts.py", line 25, in render
    content = loader.render_to_string(template_name, context, request, using=using)
              ^^^^^^^^^^^^^^^^^^^^^^^^^^^^^^^^^^^^^^^^^^^^^^^^^^^^^^^^^^^^^^^^^^^^^
  File "D:\GB\Django\Djangofirstproject\venv\Lib\site-packages\django\template\loader.py", line 61, in render_to_string
    template = get_template(template_name, using=using)
               ^^^^^^^^^^^^^^^^^^^^^^^^^^^^^^^^^^^^^^^^
  File "D:\GB\Django\Djangofirstproject\venv\Lib\site-packages\django\template\loader.py", line 19, in get_template
    raise TemplateDoesNotExist(template_name, chain=chain)
django.template.exceptions.TemplateDoesNotExist: .templates/index.html
ERROR 2024-06-06 21:13:12,246 basehttp 10964 23504 "GET /task2/ HTTP/1.1" 500 80629
INFO 2024-06-06 21:14:45,526 autoreload 10964 3404 D:\GB\Django\Djangofirstproject\myfirstproject\myapp2\views.py changed, reloading.
INFO 2024-06-06 21:14:46,036 autoreload 240 19624 Watching for file changes with StatReloader
INFO 2024-06-06 21:15:07,451 autoreload 240 19624 D:\GB\Django\Djangofirstproject\myfirstproject\myapp2\views.py changed, reloading.
INFO 2024-06-06 21:15:07,835 autoreload 17432 18800 Watching for file changes with StatReloader
ERROR 2024-06-06 21:15:13,476 log 17432 18436 Internal Server Error: /task2/
Traceback (most recent call last):
  File "D:\GB\Django\Djangofirstproject\venv\Lib\site-packages\django\core\handlers\exception.py", line 55, in inner
    response = get_response(request)
               ^^^^^^^^^^^^^^^^^^^^^
  File "D:\GB\Django\Djangofirstproject\venv\Lib\site-packages\django\core\handlers\base.py", line 197, in _get_response
    response = wrapped_callback(request, *callback_args, **callback_kwargs)
               ^^^^^^^^^^^^^^^^^^^^^^^^^^^^^^^^^^^^^^^^^^^^^^^^^^^^^^^^^^^^
  File "D:\GB\Django\Djangofirstproject\myfirstproject\myapp2\views.py", line 11, in coin_flip
    return render(request, '.templates/index.html', {'flip': flip})
           ^^^^^^^^^^^^^^^^^^^^^^^^^^^^^^^^^^^^^^^^^^^^^^^^^^^^^^^^
  File "D:\GB\Django\Djangofirstproject\venv\Lib\site-packages\django\shortcuts.py", line 25, in render
    content = loader.render_to_string(template_name, context, request, using=using)
              ^^^^^^^^^^^^^^^^^^^^^^^^^^^^^^^^^^^^^^^^^^^^^^^^^^^^^^^^^^^^^^^^^^^^^
  File "D:\GB\Django\Djangofirstproject\venv\Lib\site-packages\django\template\loader.py", line 61, in render_to_string
    template = get_template(template_name, using=using)
               ^^^^^^^^^^^^^^^^^^^^^^^^^^^^^^^^^^^^^^^^
  File "D:\GB\Django\Djangofirstproject\venv\Lib\site-packages\django\template\loader.py", line 19, in get_template
    raise TemplateDoesNotExist(template_name, chain=chain)
django.template.exceptions.TemplateDoesNotExist: .templates/index.html
ERROR 2024-06-06 21:15:13,476 basehttp 17432 18436 "GET /task2/ HTTP/1.1" 500 80649
INFO 2024-06-06 21:15:23,241 autoreload 17432 18800 D:\GB\Django\Djangofirstproject\myfirstproject\myapp2\views.py changed, reloading.
INFO 2024-06-06 21:15:23,655 autoreload 10112 20580 Watching for file changes with StatReloader
INFO 2024-06-06 21:15:29,179 basehttp 10112 2824 "GET /task2/ HTTP/1.1" 200 245
INFO 2024-06-06 22:00:36,585 autoreload 23388 21360 Watching for file changes with StatReloader
INFO 2024-06-06 22:02:19,453 basehttp 23388 22432 "GET / HTTP/1.1" 200 13
INFO 2024-06-06 22:02:24,335 basehttp 23388 22432 "GET /task2/ HTTP/1.1" 200 245
INFO 2024-06-27 23:10:17,090 autoreload 26164 25876 Watching for file changes with StatReloader
INFO 2024-06-27 23:11:52,967 autoreload 16940 10564 Watching for file changes with StatReloader
INFO 2024-06-27 23:15:40,978 autoreload 23864 21744 Watching for file changes with StatReloader
INFO 2024-06-27 23:27:06,093 autoreload 23144 17352 Watching for file changes with StatReloader
INFO 2024-06-27 23:30:32,995 autoreload 16940 14636 Watching for file changes with StatReloader
INFO 2024-06-27 23:30:35,729 basehttp 16940 18232 "GET / HTTP/1.1" 200 13
WARNING 2024-06-27 23:30:35,856 log 16940 18232 Not Found: /favicon.ico
WARNING 2024-06-27 23:30:35,856 basehttp 16940 18232 "GET /favicon.ico HTTP/1.1" 404 3236
INFO 2024-06-27 23:30:45,998 basehttp 16940 18232 "GET /about HTTP/1.1" 301 0
ERROR 2024-06-27 23:30:46,086 log 16940 26612 Internal Server Error: /about/
Traceback (most recent call last):
  File "D:\GB\Django\Djangofirstproject\venv\Lib\site-packages\django\core\handlers\exception.py", line 55, in inner
    response = get_response(request)
               ^^^^^^^^^^^^^^^^^^^^^
  File "D:\GB\Django\Djangofirstproject\venv\Lib\site-packages\django\core\handlers\base.py", line 197, in _get_response
    response = wrapped_callback(request, *callback_args, **callback_kwargs)
               ^^^^^^^^^^^^^^^^^^^^^^^^^^^^^^^^^^^^^^^^^^^^^^^^^^^^^^^^^^^^
  File "D:\GB\Django\Djangofirstproject\myfirstproject\myapp3\views.py", line 19, in get_info_about
    return render(request, 'myapp3/about.html', context)
           ^^^^^^^^^^^^^^^^^^^^^^^^^^^^^^^^^^^^^^^^^^^^^
  File "D:\GB\Django\Djangofirstproject\venv\Lib\site-packages\django\shortcuts.py", line 25, in render
    content = loader.render_to_string(template_name, context, request, using=using)
              ^^^^^^^^^^^^^^^^^^^^^^^^^^^^^^^^^^^^^^^^^^^^^^^^^^^^^^^^^^^^^^^^^^^^^
  File "D:\GB\Django\Djangofirstproject\venv\Lib\site-packages\django\template\loader.py", line 61, in render_to_string
    template = get_template(template_name, using=using)
               ^^^^^^^^^^^^^^^^^^^^^^^^^^^^^^^^^^^^^^^^
  File "D:\GB\Django\Djangofirstproject\venv\Lib\site-packages\django\template\loader.py", line 19, in get_template
    raise TemplateDoesNotExist(template_name, chain=chain)
django.template.exceptions.TemplateDoesNotExist: myapp3/about.html
ERROR 2024-06-27 23:30:46,088 basehttp 16940 26612 "GET /about/ HTTP/1.1" 500 81275
INFO 2024-06-27 23:32:36,924 autoreload 26032 16864 Watching for file changes with StatReloader
INFO 2024-06-27 23:32:38,753 basehttp 26032 23996 "GET / HTTP/1.1" 200 13
INFO 2024-06-27 23:32:48,586 basehttp 26032 23996 "GET / HTTP/1.1" 200 13
ERROR 2024-06-27 23:32:56,923 log 26032 23996 Internal Server Error: /app3/
Traceback (most recent call last):
  File "D:\GB\Django\Djangofirstproject\venv\Lib\site-packages\django\core\handlers\exception.py", line 55, in inner
    response = get_response(request)
               ^^^^^^^^^^^^^^^^^^^^^
  File "D:\GB\Django\Djangofirstproject\venv\Lib\site-packages\django\core\handlers\base.py", line 197, in _get_response
    response = wrapped_callback(request, *callback_args, **callback_kwargs)
               ^^^^^^^^^^^^^^^^^^^^^^^^^^^^^^^^^^^^^^^^^^^^^^^^^^^^^^^^^^^^
  File "D:\GB\Django\Djangofirstproject\myfirstproject\myapp3\views.py", line 12, in home
    return render(request, 'myapp3/index.html', context)
           ^^^^^^^^^^^^^^^^^^^^^^^^^^^^^^^^^^^^^^^^^^^^^
  File "D:\GB\Django\Djangofirstproject\venv\Lib\site-packages\django\shortcuts.py", line 25, in render
    content = loader.render_to_string(template_name, context, request, using=using)
              ^^^^^^^^^^^^^^^^^^^^^^^^^^^^^^^^^^^^^^^^^^^^^^^^^^^^^^^^^^^^^^^^^^^^^
  File "D:\GB\Django\Djangofirstproject\venv\Lib\site-packages\django\template\loader.py", line 61, in render_to_string
    template = get_template(template_name, using=using)
               ^^^^^^^^^^^^^^^^^^^^^^^^^^^^^^^^^^^^^^^^
  File "D:\GB\Django\Djangofirstproject\venv\Lib\site-packages\django\template\loader.py", line 19, in get_template
    raise TemplateDoesNotExist(template_name, chain=chain)
django.template.exceptions.TemplateDoesNotExist: myapp3/index.html
ERROR 2024-06-27 23:32:56,933 basehttp 26032 23996 "GET /app3/ HTTP/1.1" 500 82093
INFO 2024-06-27 23:35:19,279 autoreload 16520 26252 Watching for file changes with StatReloader
INFO 2024-06-27 23:35:22,132 basehttp 16520 21556 "GET / HTTP/1.1" 200 13
INFO 2024-06-27 23:35:33,985 basehttp 16520 21556 "GET /app3/ HTTP/1.1" 200 1600
INFO 2024-06-27 23:35:46,058 basehttp 16520 21556 "GET /app3/about HTTP/1.1" 301 0
INFO 2024-06-27 23:35:46,064 basehttp 16520 21436 "GET /app3/about/ HTTP/1.1" 200 812
INFO 2024-06-30 16:14:25,982 autoreload 20952 19168 Watching for file changes with StatReloader
INFO 2024-06-30 16:14:30,280 basehttp 20952 468 "GET / HTTP/1.1" 200 13
INFO 2024-06-30 16:14:42,698 basehttp 20952 468 "GET /app3/about/ HTTP/1.1" 200 812
INFO 2024-06-30 16:14:45,483 basehttp 20952 468 "GET /app3/about/ HTTP/1.1" 200 812
INFO 2024-06-30 16:14:46,309 basehttp 20952 468 "GET /app3/about/ HTTP/1.1" 200 812
INFO 2024-06-30 16:15:00,832 basehttp 20952 468 "GET /app3/about/ HTTP/1.1" 200 812
INFO 2024-06-30 16:15:12,525 basehttp 20952 468 "GET /app3/ HTTP/1.1" 200 1420
INFO 2024-06-30 16:29:42,330 autoreload 20952 19168 D:\GB\Django\Djangofirstproject\myfirstproject\myapp3\urls.py changed, reloading.
INFO 2024-06-30 16:29:42,850 autoreload 12836 14788 Watching for file changes with StatReloader
INFO 2024-06-30 16:32:37,210 autoreload 12836 14788 D:\GB\Django\Djangofirstproject\myfirstproject\myapp3\views.py changed, reloading.
INFO 2024-06-30 16:32:37,641 autoreload 7608 25224 Watching for file changes with StatReloader
INFO 2024-06-30 16:35:49,609 autoreload 7608 25224 D:\GB\Django\Djangofirstproject\myfirstproject\myapp3\views.py changed, reloading.
INFO 2024-06-30 16:35:50,137 autoreload 23228 27316 Watching for file changes with StatReloader
INFO 2024-06-30 16:39:35,385 autoreload 23228 27316 D:\GB\Django\Djangofirstproject\myfirstproject\myapp3\views.py changed, reloading.
INFO 2024-06-30 16:39:35,841 autoreload 17372 22536 Watching for file changes with StatReloader
INFO 2024-06-30 16:43:27,393 autoreload 17372 22536 D:\GB\Django\Djangofirstproject\myfirstproject\myapp3\views.py changed, reloading.
INFO 2024-06-30 16:43:27,862 autoreload 20792 25116 Watching for file changes with StatReloader
INFO 2024-06-30 16:43:43,322 autoreload 20792 25116 D:\GB\Django\Djangofirstproject\myfirstproject\myapp3\views.py changed, reloading.
INFO 2024-06-30 16:43:43,750 autoreload 25088 21856 Watching for file changes with StatReloader
INFO 2024-06-30 16:44:06,400 autoreload 25088 21856 D:\GB\Django\Djangofirstproject\myfirstproject\myapp3\views.py changed, reloading.
INFO 2024-06-30 16:44:06,842 autoreload 26740 10020 Watching for file changes with StatReloader
INFO 2024-06-30 16:44:57,347 autoreload 26740 10020 D:\GB\Django\Djangofirstproject\myfirstproject\myapp3\views.py changed, reloading.
INFO 2024-06-30 16:44:57,823 autoreload 23672 20052 Watching for file changes with StatReloader
INFO 2024-06-30 16:46:42,633 autoreload 23672 20052 D:\GB\Django\Djangofirstproject\myfirstproject\myapp3\views.py changed, reloading.
INFO 2024-06-30 16:46:43,056 autoreload 24924 6540 Watching for file changes with StatReloader
INFO 2024-06-30 16:51:29,034 autoreload 24924 6540 D:\GB\Django\Djangofirstproject\myfirstproject\myapp3\views.py changed, reloading.
INFO 2024-06-30 16:51:29,451 autoreload 26032 24848 Watching for file changes with StatReloader
INFO 2024-06-30 16:53:10,445 autoreload 26032 24848 D:\GB\Django\Djangofirstproject\myfirstproject\myapp3\views.py changed, reloading.
INFO 2024-06-30 16:53:11,042 autoreload 25440 14952 Watching for file changes with StatReloader
INFO 2024-06-30 16:54:41,761 autoreload 25440 14952 D:\GB\Django\Djangofirstproject\myfirstproject\myapp3\views.py changed, reloading.
INFO 2024-06-30 16:54:42,145 autoreload 24136 27344 Watching for file changes with StatReloader
INFO 2024-06-30 16:55:12,015 autoreload 24136 27344 D:\GB\Django\Djangofirstproject\myfirstproject\myapp3\views.py changed, reloading.
INFO 2024-06-30 16:55:12,547 autoreload 19712 26592 Watching for file changes with StatReloader
INFO 2024-06-30 17:02:23,686 autoreload 21688 5804 Watching for file changes with StatReloader
INFO 2024-06-30 17:07:51,879 autoreload 13036 3344 Watching for file changes with StatReloader
INFO 2024-06-30 17:07:56,904 basehttp 13036 23656 "GET /app3/game/3 HTTP/1.1" 200 510
INFO 2024-06-30 17:08:06,953 basehttp 13036 23656 "GET /app3/game/7 HTTP/1.1" 200 736
INFO 2024-06-30 17:21:43,447 basehttp 13036 20412 "GET /app3/game/7 HTTP/1.1" 200 826
INFO 2024-06-30 17:21:45,260 basehttp 13036 20412 "GET /app3/ HTTP/1.1" 200 1512
INFO 2024-06-30 17:22:21,994 basehttp 13036 20412 "GET /app3/ HTTP/1.1" 200 1512
INFO 2024-06-30 17:22:53,693 basehttp 13036 20412 "GET /app3/ HTTP/1.1" 200 1557
INFO 2024-06-30 17:22:55,397 basehttp 13036 20412 "GET /app3/about/ HTTP/1.1" 200 928
INFO 2024-06-30 17:22:58,763 basehttp 13036 20412 "GET /app3/ HTTP/1.1" 200 1557
ERROR 2024-06-30 17:24:10,312 log 13036 20412 Internal Server Error: /app3/
Traceback (most recent call last):
  File "D:\GB\Django\Djangofirstproject\venv\Lib\site-packages\django\core\handlers\exception.py", line 55, in inner
    response = get_response(request)
               ^^^^^^^^^^^^^^^^^^^^^
  File "D:\GB\Django\Djangofirstproject\venv\Lib\site-packages\django\core\handlers\base.py", line 197, in _get_response
    response = wrapped_callback(request, *callback_args, **callback_kwargs)
               ^^^^^^^^^^^^^^^^^^^^^^^^^^^^^^^^^^^^^^^^^^^^^^^^^^^^^^^^^^^^
  File "D:\GB\Django\Djangofirstproject\myfirstproject\myapp3\views.py", line 14, in home
    return render(request, 'myapp3/index.html', context)
           ^^^^^^^^^^^^^^^^^^^^^^^^^^^^^^^^^^^^^^^^^^^^^
  File "D:\GB\Django\Djangofirstproject\venv\Lib\site-packages\django\shortcuts.py", line 25, in render
    content = loader.render_to_string(template_name, context, request, using=using)
              ^^^^^^^^^^^^^^^^^^^^^^^^^^^^^^^^^^^^^^^^^^^^^^^^^^^^^^^^^^^^^^^^^^^^^
  File "D:\GB\Django\Djangofirstproject\venv\Lib\site-packages\django\template\loader.py", line 62, in render_to_string
    return template.render(context, request)
           ^^^^^^^^^^^^^^^^^^^^^^^^^^^^^^^^^
  File "D:\GB\Django\Djangofirstproject\venv\Lib\site-packages\django\template\backends\django.py", line 61, in render
    return self.template.render(context)
           ^^^^^^^^^^^^^^^^^^^^^^^^^^^^^
  File "D:\GB\Django\Djangofirstproject\venv\Lib\site-packages\django\template\base.py", line 171, in render
    return self._render(context)
           ^^^^^^^^^^^^^^^^^^^^^
  File "D:\GB\Django\Djangofirstproject\venv\Lib\site-packages\django\template\base.py", line 163, in _render
    return self.nodelist.render(context)
           ^^^^^^^^^^^^^^^^^^^^^^^^^^^^^
  File "D:\GB\Django\Djangofirstproject\venv\Lib\site-packages\django\template\base.py", line 1000, in render
    return SafeString("".join([node.render_annotated(context) for node in self]))
                              ^^^^^^^^^^^^^^^^^^^^^^^^^^^^^^^^^^^^^^^^^^^^^^^^^
  File "D:\GB\Django\Djangofirstproject\venv\Lib\site-packages\django\template\base.py", line 1000, in <listcomp>
    return SafeString("".join([node.render_annotated(context) for node in self]))
                               ^^^^^^^^^^^^^^^^^^^^^^^^^^^^^^
  File "D:\GB\Django\Djangofirstproject\venv\Lib\site-packages\django\template\base.py", line 961, in render_annotated
    return self.render(context)
           ^^^^^^^^^^^^^^^^^^^^
  File "D:\GB\Django\Djangofirstproject\venv\Lib\site-packages\django\template\loader_tags.py", line 159, in render
    return compiled_parent._render(context)
           ^^^^^^^^^^^^^^^^^^^^^^^^^^^^^^^^
  File "D:\GB\Django\Djangofirstproject\venv\Lib\site-packages\django\template\base.py", line 163, in _render
    return self.nodelist.render(context)
           ^^^^^^^^^^^^^^^^^^^^^^^^^^^^^
  File "D:\GB\Django\Djangofirstproject\venv\Lib\site-packages\django\template\base.py", line 1000, in render
    return SafeString("".join([node.render_annotated(context) for node in self]))
                              ^^^^^^^^^^^^^^^^^^^^^^^^^^^^^^^^^^^^^^^^^^^^^^^^^
  File "D:\GB\Django\Djangofirstproject\venv\Lib\site-packages\django\template\base.py", line 1000, in <listcomp>
    return SafeString("".join([node.render_annotated(context) for node in self]))
                               ^^^^^^^^^^^^^^^^^^^^^^^^^^^^^^
  File "D:\GB\Django\Djangofirstproject\venv\Lib\site-packages\django\template\base.py", line 961, in render_annotated
    return self.render(context)
           ^^^^^^^^^^^^^^^^^^^^
  File "D:\GB\Django\Djangofirstproject\venv\Lib\site-packages\django\template\defaulttags.py", line 479, in render
    url = reverse(view_name, args=args, kwargs=kwargs, current_app=current_app)
          ^^^^^^^^^^^^^^^^^^^^^^^^^^^^^^^^^^^^^^^^^^^^^^^^^^^^^^^^^^^^^^^^^^^^^
  File "D:\GB\Django\Djangofirstproject\venv\Lib\site-packages\django\urls\base.py", line 88, in reverse
    return resolver._reverse_with_prefix(view, prefix, *args, **kwargs)
           ^^^^^^^^^^^^^^^^^^^^^^^^^^^^^^^^^^^^^^^^^^^^^^^^^^^^^^^^^^^^
  File "D:\GB\Django\Djangofirstproject\venv\Lib\site-packages\django\urls\resolvers.py", line 851, in _reverse_with_prefix
    raise NoReverseMatch(msg)
django.urls.exceptions.NoReverseMatch: Reverse for 'game' with no arguments not found. 1 pattern(s) tried: ['app3/game/(?P<count>[0-9]+)\\Z']
ERROR 2024-06-30 17:24:10,316 basehttp 13036 20412 "GET /app3/ HTTP/1.1" 500 144957
INFO 2024-06-30 17:26:05,451 basehttp 13036 20412 "GET /app3/ HTTP/1.1" 200 1570
INFO 2024-06-30 17:30:21,175 autoreload 13036 3344 D:\GB\Django\Djangofirstproject\myfirstproject\myapp3\views.py changed, reloading.
INFO 2024-06-30 17:30:21,683 autoreload 16076 18968 Watching for file changes with StatReloader
INFO 2024-06-30 17:32:38,882 autoreload 16076 18968 D:\GB\Django\Djangofirstproject\myfirstproject\myapp3\views.py changed, reloading.
INFO 2024-06-30 17:32:39,433 autoreload 24672 3208 Watching for file changes with StatReloader
INFO 2024-06-30 17:32:43,308 basehttp 24672 2364 "GET / HTTP/1.1" 200 13
INFO 2024-06-30 17:33:00,377 basehttp 24672 2364 "GET / HTTP/1.1" 200 13
INFO 2024-06-30 17:33:07,512 basehttp 24672 2364 "GET /app3/ HTTP/1.1" 200 1558
INFO 2024-06-30 17:33:30,603 basehttp 24672 2364 "GET /app3/game_coin/3 HTTP/1.1" 200 650
INFO 2024-06-30 17:38:10,470 autoreload 24672 3208 D:\GB\Django\Djangofirstproject\myfirstproject\myapp3\views.py changed, reloading.
INFO 2024-06-30 17:38:10,959 autoreload 27064 26840 Watching for file changes with StatReloader
INFO 2024-06-30 17:40:13,135 autoreload 27064 26840 D:\GB\Django\Djangofirstproject\myfirstproject\myapp3\urls.py changed, reloading.
INFO 2024-06-30 17:40:13,564 autoreload 21288 19372 Watching for file changes with StatReloader
INFO 2024-06-30 17:40:50,249 basehttp 21288 19812 "GET /app3/game_coin/3 HTTP/1.1" 200 650
INFO 2024-06-30 17:41:01,844 basehttp 21288 19812 "GET /app3/game_cube/6 HTTP/1.1" 200 774
INFO 2024-06-30 17:43:32,183 autoreload 21288 19372 D:\GB\Django\Djangofirstproject\myfirstproject\myapp3\views.py changed, reloading.
INFO 2024-06-30 17:43:32,618 autoreload 20084 23108 Watching for file changes with StatReloader
INFO 2024-06-30 17:43:37,828 basehttp 20084 21564 "GET /app3/game_cube/6 HTTP/1.1" 200 774
INFO 2024-06-30 17:44:00,538 autoreload 20084 23108 D:\GB\Django\Djangofirstproject\myfirstproject\myapp3\urls.py changed, reloading.
INFO 2024-06-30 17:44:00,950 autoreload 26528 22984 Watching for file changes with StatReloader
INFO 2024-06-30 17:44:05,311 basehttp 26528 9460 "GET /app3/game_cube/6 HTTP/1.1" 200 774
INFO 2024-06-30 17:44:16,270 basehttp 26528 9460 "GET /app3/game_number/12 HTTP/1.1" 200 1082
INFO 2024-06-30 17:45:08,768 basehttp 26528 9460 "GET /app3/game_number/12 HTTP/1.1" 200 1093
INFO 2024-06-30 17:45:21,299 basehttp 26528 9460 "GET /app3/game_number/12 HTTP/1.1" 200 1093
